2025-09-11T14:01:42.803+03:00  INFO 24473 --- [config-server] [main] c.b.c.ConfigServerApplication            : The following 1 profile is active: "native"
2025-09-11T14:01:43.450+03:00  INFO 24473 --- [config-server] [main] o.s.cloud.context.scope.GenericScope     : BeanFactory id=cb414899-9a80-3411-85f5-4b24a8186f9f
2025-09-11T14:01:43.722+03:00  INFO 24473 --- [config-server] [main] o.s.b.w.embedded.tomcat.TomcatWebServer  : Tomcat initialized with port 8888 (http)
2025-09-11T14:01:43.738+03:00  INFO 24473 --- [config-server] [main] o.apache.catalina.core.StandardService   : Starting service [Tomcat]
2025-09-11T14:01:43.738+03:00  INFO 24473 --- [config-server] [main] o.apache.catalina.core.StandardEngine    : Starting Servlet engine: [Apache Tomcat/10.1.44]
2025-09-11T14:01:43.781+03:00  INFO 24473 --- [config-server] [main] o.a.c.c.C.[Tomcat].[localhost].[/]       : Initializing Spring embedded WebApplicationContext
2025-09-11T14:01:43.782+03:00  INFO 24473 --- [config-server] [main] w.s.c.ServletWebServerApplicationContext : Root WebApplicationContext: initialization completed in 966 ms
2025-09-11T14:01:44.093+03:00  WARN 24473 --- [config-server] [main] o.s.security.core.userdetails.User       : User.withDefaultPasswordEncoder() is considered unsafe for production and is only intended for sample applications.
2025-09-11T14:01:44.184+03:00  INFO 24473 --- [config-server] [main] r$InitializeUserDetailsManagerConfigurer : Global AuthenticationManager configured with UserDetailsService bean with name users
2025-09-11T14:01:44.418+03:00  INFO 24473 --- [config-server] [main] o.s.b.a.e.web.EndpointLinksResolver      : Exposing 16 endpoints beneath base path '/actuator'
2025-09-11T14:01:44.744+03:00  INFO 24473 --- [config-server] [main] o.s.b.w.embedded.tomcat.TomcatWebServer  : Tomcat started on port 8888 (http) with context path '/'
2025-09-11T14:01:44.760+03:00  INFO 24473 --- [config-server] [main] c.b.c.ConfigServerApplication            : Started ConfigServerApplication in 2.774 seconds (process running for 4.172)
2025-09-11T14:01:44.924+03:00  INFO 24473 --- [config-server] [RMI TCP Connection(7)-127.0.0.1] o.a.c.c.C.[Tomcat].[localhost].[/]       : Initializing Spring DispatcherServlet 'dispatcherServlet'
2025-09-11T14:01:44.924+03:00  INFO 24473 --- [config-server] [RMI TCP Connection(7)-127.0.0.1] o.s.web.servlet.DispatcherServlet        : Initializing Servlet 'dispatcherServlet'
2025-09-11T14:01:44.925+03:00  INFO 24473 --- [config-server] [RMI TCP Connection(7)-127.0.0.1] o.s.web.servlet.DispatcherServlet        : Completed initialization in 1 ms
2025-09-11T14:01:44.950+03:00  INFO 24473 --- [config-server] [RMI TCP Connection(8)-127.0.0.1] o.s.c.c.s.e.NativeEnvironmentRepository  : Adding property source: Config resource 'file [/home/duran/IdeaProjects/review-my-cert-microservices/config-repo/application.yml]' via location 'file:/home/duran/IdeaProjects/review-my-cert-microservices/config-repo/' (document #0)
2025-09-11T14:01:48.482+03:00  INFO 24473 --- [config-server] [http-nio-8888-exec-1] o.s.c.c.s.e.NativeEnvironmentRepository  : Adding property source: Config resource 'file [/home/duran/IdeaProjects/review-my-cert-microservices/config-repo/eureka-server.yml]' via location 'file:/home/duran/IdeaProjects/review-my-cert-microservices/config-repo/'
2025-09-11T14:01:48.483+03:00  INFO 24473 --- [config-server] [http-nio-8888-exec-1] o.s.c.c.s.e.NativeEnvironmentRepository  : Adding property source: Config resource 'file [/home/duran/IdeaProjects/review-my-cert-microservices/config-repo/application.yml]' via location 'file:/home/duran/IdeaProjects/review-my-cert-microservices/config-repo/' (document #0)
2025-09-11T14:02:04.361+03:00  INFO 24473 --- [config-server] [http-nio-8888-exec-2] o.s.c.c.s.e.NativeEnvironmentRepository  : Adding property source: Config resource 'file [/home/duran/IdeaProjects/review-my-cert-microservices/config-repo/authorization-server.yml]' via location 'file:/home/duran/IdeaProjects/review-my-cert-microservices/config-repo/'
2025-09-11T14:02:04.361+03:00  INFO 24473 --- [config-server] [http-nio-8888-exec-2] o.s.c.c.s.e.NativeEnvironmentRepository  : Adding property source: Config resource 'file [/home/duran/IdeaProjects/review-my-cert-microservices/config-repo/application.yml]' via location 'file:/home/duran/IdeaProjects/review-my-cert-microservices/config-repo/' (document #0)
2025-09-11T14:02:27.329+03:00  INFO 24473 --- [config-server] [http-nio-8888-exec-3] o.s.c.c.s.e.NativeEnvironmentRepository  : Adding property source: Config resource 'file [/home/duran/IdeaProjects/review-my-cert-microservices/config-repo/review.yml]' via location 'file:/home/duran/IdeaProjects/review-my-cert-microservices/config-repo/' (document #0)
2025-09-11T14:02:27.329+03:00  INFO 24473 --- [config-server] [http-nio-8888-exec-3] o.s.c.c.s.e.NativeEnvironmentRepository  : Adding property source: Config resource 'file [/home/duran/IdeaProjects/review-my-cert-microservices/config-repo/application.yml]' via location 'file:/home/duran/IdeaProjects/review-my-cert-microservices/config-repo/' (document #0)
2025-09-11T14:02:34.427+03:00  INFO 24473 --- [config-server] [http-nio-8888-exec-5] o.s.c.c.s.e.NativeEnvironmentRepository  : Adding property source: Config resource 'file [/home/duran/IdeaProjects/review-my-cert-microservices/config-repo/company.yml]' via location 'file:/home/duran/IdeaProjects/review-my-cert-microservices/config-repo/' (document #0)
2025-09-11T14:02:34.428+03:00  INFO 24473 --- [config-server] [http-nio-8888-exec-5] o.s.c.c.s.e.NativeEnvironmentRepository  : Adding property source: Config resource 'file [/home/duran/IdeaProjects/review-my-cert-microservices/config-repo/application.yml]' via location 'file:/home/duran/IdeaProjects/review-my-cert-microservices/config-repo/' (document #0)
2025-09-11T14:02:44.694+03:00  INFO 24473 --- [config-server] [http-nio-8888-exec-4] o.s.c.c.s.e.NativeEnvironmentRepository  : Adding property source: Config resource 'file [/home/duran/IdeaProjects/review-my-cert-microservices/config-repo/gateway.yml]' via location 'file:/home/duran/IdeaProjects/review-my-cert-microservices/config-repo/'
2025-09-11T14:02:44.695+03:00  INFO 24473 --- [config-server] [http-nio-8888-exec-4] o.s.c.c.s.e.NativeEnvironmentRepository  : Adding property source: Config resource 'file [/home/duran/IdeaProjects/review-my-cert-microservices/config-repo/application.yml]' via location 'file:/home/duran/IdeaProjects/review-my-cert-microservices/config-repo/' (document #0)
2025-09-11T14:02:52.816+03:00  INFO 24473 --- [config-server] [SpringApplicationShutdownHook] o.s.b.w.e.tomcat.GracefulShutdown        : Commencing graceful shutdown. Waiting for active requests to complete
2025-09-11T14:02:52.818+03:00  INFO 24473 --- [config-server] [tomcat-shutdown] o.s.b.w.e.tomcat.GracefulShutdown        : Graceful shutdown complete
2025-09-11T14:03:15.064+03:00  INFO 26113 --- [config-server] [main] c.b.c.ConfigServerApplication            : The following 1 profile is active: "native"
2025-09-11T14:03:15.533+03:00  INFO 26113 --- [config-server] [main] o.s.cloud.context.scope.GenericScope     : BeanFactory id=cb414899-9a80-3411-85f5-4b24a8186f9f
2025-09-11T14:03:15.677+03:00  INFO 26113 --- [config-server] [main] o.s.b.w.embedded.tomcat.TomcatWebServer  : Tomcat initialized with port 8888 (http)
2025-09-11T14:03:15.685+03:00  INFO 26113 --- [config-server] [main] o.apache.catalina.core.StandardService   : Starting service [Tomcat]
2025-09-11T14:03:15.685+03:00  INFO 26113 --- [config-server] [main] o.apache.catalina.core.StandardEngine    : Starting Servlet engine: [Apache Tomcat/10.1.44]
2025-09-11T14:03:15.712+03:00  INFO 26113 --- [config-server] [main] o.a.c.c.C.[Tomcat].[localhost].[/]       : Initializing Spring embedded WebApplicationContext
2025-09-11T14:03:15.712+03:00  INFO 26113 --- [config-server] [main] w.s.c.ServletWebServerApplicationContext : Root WebApplicationContext: initialization completed in 639 ms
2025-09-11T14:03:15.914+03:00  WARN 26113 --- [config-server] [main] o.s.security.core.userdetails.User       : User.withDefaultPasswordEncoder() is considered unsafe for production and is only intended for sample applications.
2025-09-11T14:03:15.995+03:00  INFO 26113 --- [config-server] [main] r$InitializeUserDetailsManagerConfigurer : Global AuthenticationManager configured with UserDetailsService bean with name users
2025-09-11T14:03:16.162+03:00  INFO 26113 --- [config-server] [main] o.s.b.a.e.web.EndpointLinksResolver      : Exposing 16 endpoints beneath base path '/actuator'
2025-09-11T14:03:16.420+03:00  INFO 26113 --- [config-server] [main] o.s.b.w.embedded.tomcat.TomcatWebServer  : Tomcat started on port 8888 (http) with context path '/'
2025-09-11T14:03:16.434+03:00  INFO 26113 --- [config-server] [main] c.b.c.ConfigServerApplication            : Started ConfigServerApplication in 1.88 seconds (process running for 2.304)
2025-09-11T14:03:16.872+03:00  INFO 26113 --- [config-server] [RMI TCP Connection(4)-127.0.0.1] o.a.c.c.C.[Tomcat].[localhost].[/]       : Initializing Spring DispatcherServlet 'dispatcherServlet'
2025-09-11T14:03:16.872+03:00  INFO 26113 --- [config-server] [RMI TCP Connection(4)-127.0.0.1] o.s.web.servlet.DispatcherServlet        : Initializing Servlet 'dispatcherServlet'
2025-09-11T14:03:16.874+03:00  INFO 26113 --- [config-server] [RMI TCP Connection(4)-127.0.0.1] o.s.web.servlet.DispatcherServlet        : Completed initialization in 2 ms
2025-09-11T14:03:16.915+03:00  INFO 26113 --- [config-server] [RMI TCP Connection(2)-127.0.0.1] o.s.c.c.s.e.NativeEnvironmentRepository  : Adding property source: Config resource 'file [/home/duran/IdeaProjects/review-my-cert-microservices/config-repo/application.yml]' via location 'file:/home/duran/IdeaProjects/review-my-cert-microservices/config-repo/' (document #0)
2025-09-11T14:03:22.812+03:00  INFO 26113 --- [config-server] [http-nio-8888-exec-1] o.s.c.c.s.e.NativeEnvironmentRepository  : Adding property source: Config resource 'file [/home/duran/IdeaProjects/review-my-cert-microservices/config-repo/eureka-server.yml]' via location 'file:/home/duran/IdeaProjects/review-my-cert-microservices/config-repo/'
2025-09-11T14:03:22.812+03:00  INFO 26113 --- [config-server] [http-nio-8888-exec-1] o.s.c.c.s.e.NativeEnvironmentRepository  : Adding property source: Config resource 'file [/home/duran/IdeaProjects/review-my-cert-microservices/config-repo/application.yml]' via location 'file:/home/duran/IdeaProjects/review-my-cert-microservices/config-repo/' (document #0)
2025-09-11T14:03:29.122+03:00  INFO 26113 --- [config-server] [http-nio-8888-exec-2] o.s.c.c.s.e.NativeEnvironmentRepository  : Adding property source: Config resource 'file [/home/duran/IdeaProjects/review-my-cert-microservices/config-repo/gateway.yml]' via location 'file:/home/duran/IdeaProjects/review-my-cert-microservices/config-repo/'
2025-09-11T14:03:29.122+03:00  INFO 26113 --- [config-server] [http-nio-8888-exec-2] o.s.c.c.s.e.NativeEnvironmentRepository  : Adding property source: Config resource 'file [/home/duran/IdeaProjects/review-my-cert-microservices/config-repo/application.yml]' via location 'file:/home/duran/IdeaProjects/review-my-cert-microservices/config-repo/' (document #0)
2025-09-11T14:03:34.294+03:00  INFO 26113 --- [config-server] [http-nio-8888-exec-3] o.s.c.c.s.e.NativeEnvironmentRepository  : Adding property source: Config resource 'file [/home/duran/IdeaProjects/review-my-cert-microservices/config-repo/authorization-server.yml]' via location 'file:/home/duran/IdeaProjects/review-my-cert-microservices/config-repo/'
2025-09-11T14:03:34.294+03:00  INFO 26113 --- [config-server] [http-nio-8888-exec-3] o.s.c.c.s.e.NativeEnvironmentRepository  : Adding property source: Config resource 'file [/home/duran/IdeaProjects/review-my-cert-microservices/config-repo/application.yml]' via location 'file:/home/duran/IdeaProjects/review-my-cert-microservices/config-repo/' (document #0)
2025-09-11T14:03:36.302+03:00  INFO 26113 --- [config-server] [http-nio-8888-exec-4] o.s.c.c.s.e.NativeEnvironmentRepository  : Adding property source: Config resource 'file [/home/duran/IdeaProjects/review-my-cert-microservices/config-repo/certificate.yml]' via location 'file:/home/duran/IdeaProjects/review-my-cert-microservices/config-repo/' (document #0)
2025-09-11T14:03:36.302+03:00  INFO 26113 --- [config-server] [http-nio-8888-exec-4] o.s.c.c.s.e.NativeEnvironmentRepository  : Adding property source: Config resource 'file [/home/duran/IdeaProjects/review-my-cert-microservices/config-repo/application.yml]' via location 'file:/home/duran/IdeaProjects/review-my-cert-microservices/config-repo/' (document #0)
2025-09-11T14:03:37.868+03:00  INFO 26113 --- [config-server] [http-nio-8888-exec-5] o.s.c.c.s.e.NativeEnvironmentRepository  : Adding property source: Config resource 'file [/home/duran/IdeaProjects/review-my-cert-microservices/config-repo/company.yml]' via location 'file:/home/duran/IdeaProjects/review-my-cert-microservices/config-repo/' (document #0)
2025-09-11T14:03:37.868+03:00  INFO 26113 --- [config-server] [http-nio-8888-exec-5] o.s.c.c.s.e.NativeEnvironmentRepository  : Adding property source: Config resource 'file [/home/duran/IdeaProjects/review-my-cert-microservices/config-repo/application.yml]' via location 'file:/home/duran/IdeaProjects/review-my-cert-microservices/config-repo/' (document #0)
2025-09-11T14:03:39.635+03:00  INFO 26113 --- [config-server] [http-nio-8888-exec-6] o.s.c.c.s.e.NativeEnvironmentRepository  : Adding property source: Config resource 'file [/home/duran/IdeaProjects/review-my-cert-microservices/config-repo/review.yml]' via location 'file:/home/duran/IdeaProjects/review-my-cert-microservices/config-repo/' (document #0)
2025-09-11T14:03:39.636+03:00  INFO 26113 --- [config-server] [http-nio-8888-exec-6] o.s.c.c.s.e.NativeEnvironmentRepository  : Adding property source: Config resource 'file [/home/duran/IdeaProjects/review-my-cert-microservices/config-repo/application.yml]' via location 'file:/home/duran/IdeaProjects/review-my-cert-microservices/config-repo/' (document #0)
2025-09-11T14:16:14.025+03:00  INFO 26113 --- [config-server] [http-nio-8888-exec-3] o.s.c.c.s.e.NativeEnvironmentRepository  : Adding property source: Config resource 'file [/home/duran/IdeaProjects/review-my-cert-microservices/config-repo/company.yml]' via location 'file:/home/duran/IdeaProjects/review-my-cert-microservices/config-repo/' (document #0)
2025-09-11T14:16:14.026+03:00  INFO 26113 --- [config-server] [http-nio-8888-exec-3] o.s.c.c.s.e.NativeEnvironmentRepository  : Adding property source: Config resource 'file [/home/duran/IdeaProjects/review-my-cert-microservices/config-repo/application.yml]' via location 'file:/home/duran/IdeaProjects/review-my-cert-microservices/config-repo/' (document #0)
2025-09-11T14:19:47.970+03:00  INFO 26113 --- [config-server] [http-nio-8888-exec-5] o.s.c.c.s.e.NativeEnvironmentRepository  : Adding property source: Config resource 'file [/home/duran/IdeaProjects/review-my-cert-microservices/config-repo/certificate.yml]' via location 'file:/home/duran/IdeaProjects/review-my-cert-microservices/config-repo/' (document #0)
2025-09-11T14:19:47.970+03:00  INFO 26113 --- [config-server] [http-nio-8888-exec-5] o.s.c.c.s.e.NativeEnvironmentRepository  : Adding property source: Config resource 'file [/home/duran/IdeaProjects/review-my-cert-microservices/config-repo/application.yml]' via location 'file:/home/duran/IdeaProjects/review-my-cert-microservices/config-repo/' (document #0)
2025-09-11T14:22:01.482+03:00  INFO 26113 --- [config-server] [http-nio-8888-exec-7] o.s.c.c.s.e.NativeEnvironmentRepository  : Adding property source: Config resource 'file [/home/duran/IdeaProjects/review-my-cert-microservices/config-repo/certificate.yml]' via location 'file:/home/duran/IdeaProjects/review-my-cert-microservices/config-repo/' (document #0)
2025-09-11T14:22:01.482+03:00  INFO 26113 --- [config-server] [http-nio-8888-exec-7] o.s.c.c.s.e.NativeEnvironmentRepository  : Adding property source: Config resource 'file [/home/duran/IdeaProjects/review-my-cert-microservices/config-repo/application.yml]' via location 'file:/home/duran/IdeaProjects/review-my-cert-microservices/config-repo/' (document #0)
2025-09-11T14:22:23.872+03:00  INFO 26113 --- [config-server] [http-nio-8888-exec-9] o.s.c.c.s.e.NativeEnvironmentRepository  : Adding property source: Config resource 'file [/home/duran/IdeaProjects/review-my-cert-microservices/config-repo/certificate.yml]' via location 'file:/home/duran/IdeaProjects/review-my-cert-microservices/config-repo/' (document #0)
2025-09-11T14:22:23.872+03:00  INFO 26113 --- [config-server] [http-nio-8888-exec-9] o.s.c.c.s.e.NativeEnvironmentRepository  : Adding property source: Config resource 'file [/home/duran/IdeaProjects/review-my-cert-microservices/config-repo/application.yml]' via location 'file:/home/duran/IdeaProjects/review-my-cert-microservices/config-repo/' (document #0)
2025-09-11T14:22:47.519+03:00  INFO 26113 --- [config-server] [http-nio-8888-exec-1] o.s.c.c.s.e.NativeEnvironmentRepository  : Adding property source: Config resource 'file [/home/duran/IdeaProjects/review-my-cert-microservices/config-repo/certificate.yml]' via location 'file:/home/duran/IdeaProjects/review-my-cert-microservices/config-repo/' (document #0)
2025-09-11T14:22:47.519+03:00  INFO 26113 --- [config-server] [http-nio-8888-exec-1] o.s.c.c.s.e.NativeEnvironmentRepository  : Adding property source: Config resource 'file [/home/duran/IdeaProjects/review-my-cert-microservices/config-repo/application.yml]' via location 'file:/home/duran/IdeaProjects/review-my-cert-microservices/config-repo/' (document #0)
2025-09-11T14:23:54.217+03:00  INFO 26113 --- [config-server] [http-nio-8888-exec-3] o.s.c.c.s.e.NativeEnvironmentRepository  : Adding property source: Config resource 'file [/home/duran/IdeaProjects/review-my-cert-microservices/config-repo/company.yml]' via location 'file:/home/duran/IdeaProjects/review-my-cert-microservices/config-repo/' (document #0)
2025-09-11T14:23:54.218+03:00  INFO 26113 --- [config-server] [http-nio-8888-exec-3] o.s.c.c.s.e.NativeEnvironmentRepository  : Adding property source: Config resource 'file [/home/duran/IdeaProjects/review-my-cert-microservices/config-repo/application.yml]' via location 'file:/home/duran/IdeaProjects/review-my-cert-microservices/config-repo/' (document #0)
2025-09-11T14:30:46.716+03:00  INFO 26113 --- [config-server] [http-nio-8888-exec-5] o.s.c.c.s.e.NativeEnvironmentRepository  : Adding property source: Config resource 'file [/home/duran/IdeaProjects/review-my-cert-microservices/config-repo/certificate.yml]' via location 'file:/home/duran/IdeaProjects/review-my-cert-microservices/config-repo/' (document #0)
2025-09-11T14:30:46.716+03:00  INFO 26113 --- [config-server] [http-nio-8888-exec-5] o.s.c.c.s.e.NativeEnvironmentRepository  : Adding property source: Config resource 'file [/home/duran/IdeaProjects/review-my-cert-microservices/config-repo/application.yml]' via location 'file:/home/duran/IdeaProjects/review-my-cert-microservices/config-repo/' (document #0)
2025-09-11T14:32:09.613+03:00  INFO 26113 --- [config-server] [SpringApplicationShutdownHook] o.s.b.w.e.tomcat.GracefulShutdown        : Commencing graceful shutdown. Waiting for active requests to complete
2025-09-11T14:32:09.615+03:00  INFO 26113 --- [config-server] [tomcat-shutdown] o.s.b.w.e.tomcat.GracefulShutdown        : Graceful shutdown complete
2025-09-11T15:02:14.779+03:00  INFO 42930 --- [config-server] [main] c.b.c.ConfigServerApplication            : The following 1 profile is active: "native"
2025-09-11T15:02:15.349+03:00  INFO 42930 --- [config-server] [main] o.s.cloud.context.scope.GenericScope     : BeanFactory id=cb414899-9a80-3411-85f5-4b24a8186f9f
2025-09-11T15:02:15.524+03:00  INFO 42930 --- [config-server] [main] o.s.b.w.embedded.tomcat.TomcatWebServer  : Tomcat initialized with port 8888 (http)
2025-09-11T15:02:15.533+03:00  INFO 42930 --- [config-server] [main] o.apache.catalina.core.StandardService   : Starting service [Tomcat]
2025-09-11T15:02:15.533+03:00  INFO 42930 --- [config-server] [main] o.apache.catalina.core.StandardEngine    : Starting Servlet engine: [Apache Tomcat/10.1.44]
2025-09-11T15:02:15.562+03:00  INFO 42930 --- [config-server] [main] o.a.c.c.C.[Tomcat].[localhost].[/]       : Initializing Spring embedded WebApplicationContext
2025-09-11T15:02:15.562+03:00  INFO 42930 --- [config-server] [main] w.s.c.ServletWebServerApplicationContext : Root WebApplicationContext: initialization completed in 770 ms
2025-09-11T15:02:15.787+03:00  WARN 42930 --- [config-server] [main] o.s.security.core.userdetails.User       : User.withDefaultPasswordEncoder() is considered unsafe for production and is only intended for sample applications.
2025-09-11T15:02:15.876+03:00  INFO 42930 --- [config-server] [main] r$InitializeUserDetailsManagerConfigurer : Global AuthenticationManager configured with UserDetailsService bean with name users
2025-09-11T15:02:16.051+03:00  INFO 42930 --- [config-server] [main] o.s.b.a.e.web.EndpointLinksResolver      : Exposing 16 endpoints beneath base path '/actuator'
2025-09-11T15:02:16.336+03:00  INFO 42930 --- [config-server] [main] o.s.b.w.embedded.tomcat.TomcatWebServer  : Tomcat started on port 8888 (http) with context path '/'
2025-09-11T15:02:16.350+03:00  INFO 42930 --- [config-server] [main] c.b.c.ConfigServerApplication            : Started ConfigServerApplication in 2.261 seconds (process running for 3.038)
2025-09-11T15:02:16.513+03:00  INFO 42930 --- [config-server] [RMI TCP Connection(3)-127.0.0.1] o.a.c.c.C.[Tomcat].[localhost].[/]       : Initializing Spring DispatcherServlet 'dispatcherServlet'
2025-09-11T15:02:16.513+03:00  INFO 42930 --- [config-server] [RMI TCP Connection(3)-127.0.0.1] o.s.web.servlet.DispatcherServlet        : Initializing Servlet 'dispatcherServlet'
2025-09-11T15:02:16.515+03:00  INFO 42930 --- [config-server] [RMI TCP Connection(3)-127.0.0.1] o.s.web.servlet.DispatcherServlet        : Completed initialization in 1 ms
2025-09-11T15:02:16.537+03:00  INFO 42930 --- [config-server] [RMI TCP Connection(1)-127.0.0.1] o.s.c.c.s.e.NativeEnvironmentRepository  : Adding property source: Config resource 'file [/home/duran/IdeaProjects/review-my-cert-microservices/config-repo/application.yml]' via location 'file:/home/duran/IdeaProjects/review-my-cert-microservices/config-repo/' (document #0)
2025-09-11T15:02:23.607+03:00  INFO 42930 --- [config-server] [http-nio-8888-exec-1] o.s.c.c.s.e.NativeEnvironmentRepository  : Adding property source: Config resource 'file [/home/duran/IdeaProjects/review-my-cert-microservices/config-repo/eureka-server.yml]' via location 'file:/home/duran/IdeaProjects/review-my-cert-microservices/config-repo/'
2025-09-11T15:02:23.607+03:00  INFO 42930 --- [config-server] [http-nio-8888-exec-1] o.s.c.c.s.e.NativeEnvironmentRepository  : Adding property source: Config resource 'file [/home/duran/IdeaProjects/review-my-cert-microservices/config-repo/application.yml]' via location 'file:/home/duran/IdeaProjects/review-my-cert-microservices/config-repo/' (document #0)
2025-09-11T15:03:03.856+03:00  INFO 42930 --- [config-server] [http-nio-8888-exec-2] o.s.c.c.s.e.NativeEnvironmentRepository  : Adding property source: Config resource 'file [/home/duran/IdeaProjects/review-my-cert-microservices/config-repo/gateway.yml]' via location 'file:/home/duran/IdeaProjects/review-my-cert-microservices/config-repo/'
2025-09-11T15:03:03.856+03:00  INFO 42930 --- [config-server] [http-nio-8888-exec-2] o.s.c.c.s.e.NativeEnvironmentRepository  : Adding property source: Config resource 'file [/home/duran/IdeaProjects/review-my-cert-microservices/config-repo/application.yml]' via location 'file:/home/duran/IdeaProjects/review-my-cert-microservices/config-repo/' (document #0)
2025-09-11T15:03:08.772+03:00  INFO 42930 --- [config-server] [http-nio-8888-exec-3] o.s.c.c.s.e.NativeEnvironmentRepository  : Adding property source: Config resource 'file [/home/duran/IdeaProjects/review-my-cert-microservices/config-repo/review.yml]' via location 'file:/home/duran/IdeaProjects/review-my-cert-microservices/config-repo/' (document #0)
2025-09-11T15:03:08.772+03:00  INFO 42930 --- [config-server] [http-nio-8888-exec-3] o.s.c.c.s.e.NativeEnvironmentRepository  : Adding property source: Config resource 'file [/home/duran/IdeaProjects/review-my-cert-microservices/config-repo/application.yml]' via location 'file:/home/duran/IdeaProjects/review-my-cert-microservices/config-repo/' (document #0)
2025-09-11T15:03:15.412+03:00  INFO 42930 --- [config-server] [http-nio-8888-exec-4] o.s.c.c.s.e.NativeEnvironmentRepository  : Adding property source: Config resource 'file [/home/duran/IdeaProjects/review-my-cert-microservices/config-repo/certificate.yml]' via location 'file:/home/duran/IdeaProjects/review-my-cert-microservices/config-repo/' (document #0)
2025-09-11T15:03:15.413+03:00  INFO 42930 --- [config-server] [http-nio-8888-exec-4] o.s.c.c.s.e.NativeEnvironmentRepository  : Adding property source: Config resource 'file [/home/duran/IdeaProjects/review-my-cert-microservices/config-repo/application.yml]' via location 'file:/home/duran/IdeaProjects/review-my-cert-microservices/config-repo/' (document #0)
2025-09-11T15:03:19.854+03:00  INFO 42930 --- [config-server] [http-nio-8888-exec-5] o.s.c.c.s.e.NativeEnvironmentRepository  : Adding property source: Config resource 'file [/home/duran/IdeaProjects/review-my-cert-microservices/config-repo/company.yml]' via location 'file:/home/duran/IdeaProjects/review-my-cert-microservices/config-repo/' (document #0)
2025-09-11T15:03:19.854+03:00  INFO 42930 --- [config-server] [http-nio-8888-exec-5] o.s.c.c.s.e.NativeEnvironmentRepository  : Adding property source: Config resource 'file [/home/duran/IdeaProjects/review-my-cert-microservices/config-repo/application.yml]' via location 'file:/home/duran/IdeaProjects/review-my-cert-microservices/config-repo/' (document #0)
2025-09-11T15:03:32.317+03:00  INFO 42930 --- [config-server] [http-nio-8888-exec-7] o.s.c.c.s.e.NativeEnvironmentRepository  : Adding property source: Config resource 'file [/home/duran/IdeaProjects/review-my-cert-microservices/config-repo/authorization-server.yml]' via location 'file:/home/duran/IdeaProjects/review-my-cert-microservices/config-repo/'
2025-09-11T15:03:32.324+03:00  INFO 42930 --- [config-server] [http-nio-8888-exec-7] o.s.c.c.s.e.NativeEnvironmentRepository  : Adding property source: Config resource 'file [/home/duran/IdeaProjects/review-my-cert-microservices/config-repo/application.yml]' via location 'file:/home/duran/IdeaProjects/review-my-cert-microservices/config-repo/' (document #0)
2025-09-11T15:13:19.627+03:00  INFO 8019 --- [config-server] [main] c.b.c.ConfigServerApplication            : The following 1 profile is active: "native"
2025-09-11T15:13:20.195+03:00  INFO 8019 --- [config-server] [main] o.s.cloud.context.scope.GenericScope     : BeanFactory id=cb414899-9a80-3411-85f5-4b24a8186f9f
2025-09-11T15:13:20.362+03:00  INFO 8019 --- [config-server] [main] o.s.b.w.embedded.tomcat.TomcatWebServer  : Tomcat initialized with port 8888 (http)
2025-09-11T15:13:20.370+03:00  INFO 8019 --- [config-server] [main] o.apache.catalina.core.StandardService   : Starting service [Tomcat]
2025-09-11T15:13:20.370+03:00  INFO 8019 --- [config-server] [main] o.apache.catalina.core.StandardEngine    : Starting Servlet engine: [Apache Tomcat/10.1.44]
2025-09-11T15:13:20.419+03:00  INFO 8019 --- [config-server] [main] o.a.c.c.C.[Tomcat].[localhost].[/]       : Initializing Spring embedded WebApplicationContext
2025-09-11T15:13:20.421+03:00  INFO 8019 --- [config-server] [main] w.s.c.ServletWebServerApplicationContext : Root WebApplicationContext: initialization completed in 783 ms
2025-09-11T15:13:20.666+03:00  WARN 8019 --- [config-server] [main] o.s.security.core.userdetails.User       : User.withDefaultPasswordEncoder() is considered unsafe for production and is only intended for sample applications.
2025-09-11T15:13:20.754+03:00  INFO 8019 --- [config-server] [main] r$InitializeUserDetailsManagerConfigurer : Global AuthenticationManager configured with UserDetailsService bean with name users
2025-09-11T15:13:20.943+03:00  INFO 8019 --- [config-server] [main] o.s.b.a.e.web.EndpointLinksResolver      : Exposing 16 endpoints beneath base path '/actuator'
2025-09-11T15:13:21.214+03:00  INFO 8019 --- [config-server] [main] o.s.b.w.embedded.tomcat.TomcatWebServer  : Tomcat started on port 8888 (http) with context path '/'
2025-09-11T15:13:21.229+03:00  INFO 8019 --- [config-server] [main] c.b.c.ConfigServerApplication            : Started ConfigServerApplication in 2.186 seconds (process running for 2.748)
2025-09-11T15:13:21.645+03:00  INFO 8019 --- [config-server] [RMI TCP Connection(2)-127.0.0.1] o.a.c.c.C.[Tomcat].[localhost].[/]       : Initializing Spring DispatcherServlet 'dispatcherServlet'
2025-09-11T15:13:21.646+03:00  INFO 8019 --- [config-server] [RMI TCP Connection(2)-127.0.0.1] o.s.web.servlet.DispatcherServlet        : Initializing Servlet 'dispatcherServlet'
2025-09-11T15:13:21.647+03:00  INFO 8019 --- [config-server] [RMI TCP Connection(2)-127.0.0.1] o.s.web.servlet.DispatcherServlet        : Completed initialization in 1 ms
2025-09-11T15:13:21.658+03:00  INFO 8019 --- [config-server] [RMI TCP Connection(4)-127.0.0.1] o.s.c.c.s.e.NativeEnvironmentRepository  : Adding property source: Config resource 'file [/home/duran/IdeaProjects/review-my-cert-microservices/config-repo/application.yml]' via location 'file:/home/duran/IdeaProjects/review-my-cert-microservices/config-repo/' (document #0)
2025-09-11T15:13:25.074+03:00  INFO 8019 --- [config-server] [http-nio-8888-exec-1] o.s.c.c.s.e.NativeEnvironmentRepository  : Adding property source: Config resource 'file [/home/duran/IdeaProjects/review-my-cert-microservices/config-repo/eureka-server.yml]' via location 'file:/home/duran/IdeaProjects/review-my-cert-microservices/config-repo/'
2025-09-11T15:13:25.075+03:00  INFO 8019 --- [config-server] [http-nio-8888-exec-1] o.s.c.c.s.e.NativeEnvironmentRepository  : Adding property source: Config resource 'file [/home/duran/IdeaProjects/review-my-cert-microservices/config-repo/application.yml]' via location 'file:/home/duran/IdeaProjects/review-my-cert-microservices/config-repo/' (document #0)
2025-09-11T15:13:33.053+03:00  INFO 8019 --- [config-server] [http-nio-8888-exec-2] o.s.c.c.s.e.NativeEnvironmentRepository  : Adding property source: Config resource 'file [/home/duran/IdeaProjects/review-my-cert-microservices/config-repo/gateway.yml]' via location 'file:/home/duran/IdeaProjects/review-my-cert-microservices/config-repo/'
2025-09-11T15:13:33.054+03:00  INFO 8019 --- [config-server] [http-nio-8888-exec-2] o.s.c.c.s.e.NativeEnvironmentRepository  : Adding property source: Config resource 'file [/home/duran/IdeaProjects/review-my-cert-microservices/config-repo/application.yml]' via location 'file:/home/duran/IdeaProjects/review-my-cert-microservices/config-repo/' (document #0)
2025-09-11T15:13:33.998+03:00  INFO 8019 --- [config-server] [http-nio-8888-exec-3] o.s.c.c.s.e.NativeEnvironmentRepository  : Adding property source: Config resource 'file [/home/duran/IdeaProjects/review-my-cert-microservices/config-repo/authorization-server.yml]' via location 'file:/home/duran/IdeaProjects/review-my-cert-microservices/config-repo/'
2025-09-11T15:13:33.998+03:00  INFO 8019 --- [config-server] [http-nio-8888-exec-3] o.s.c.c.s.e.NativeEnvironmentRepository  : Adding property source: Config resource 'file [/home/duran/IdeaProjects/review-my-cert-microservices/config-repo/application.yml]' via location 'file:/home/duran/IdeaProjects/review-my-cert-microservices/config-repo/' (document #0)
2025-09-11T15:13:40.071+03:00  INFO 8019 --- [config-server] [http-nio-8888-exec-4] o.s.c.c.s.e.NativeEnvironmentRepository  : Adding property source: Config resource 'file [/home/duran/IdeaProjects/review-my-cert-microservices/config-repo/certificate.yml]' via location 'file:/home/duran/IdeaProjects/review-my-cert-microservices/config-repo/' (document #0)
2025-09-11T15:13:40.071+03:00  INFO 8019 --- [config-server] [http-nio-8888-exec-4] o.s.c.c.s.e.NativeEnvironmentRepository  : Adding property source: Config resource 'file [/home/duran/IdeaProjects/review-my-cert-microservices/config-repo/application.yml]' via location 'file:/home/duran/IdeaProjects/review-my-cert-microservices/config-repo/' (document #0)
2025-09-11T15:13:40.975+03:00  INFO 8019 --- [config-server] [http-nio-8888-exec-5] o.s.c.c.s.e.NativeEnvironmentRepository  : Adding property source: Config resource 'file [/home/duran/IdeaProjects/review-my-cert-microservices/config-repo/company.yml]' via location 'file:/home/duran/IdeaProjects/review-my-cert-microservices/config-repo/' (document #0)
2025-09-11T15:13:40.975+03:00  INFO 8019 --- [config-server] [http-nio-8888-exec-5] o.s.c.c.s.e.NativeEnvironmentRepository  : Adding property source: Config resource 'file [/home/duran/IdeaProjects/review-my-cert-microservices/config-repo/application.yml]' via location 'file:/home/duran/IdeaProjects/review-my-cert-microservices/config-repo/' (document #0)
2025-09-11T15:13:41.899+03:00  INFO 8019 --- [config-server] [http-nio-8888-exec-6] o.s.c.c.s.e.NativeEnvironmentRepository  : Adding property source: Config resource 'file [/home/duran/IdeaProjects/review-my-cert-microservices/config-repo/review.yml]' via location 'file:/home/duran/IdeaProjects/review-my-cert-microservices/config-repo/' (document #0)
2025-09-11T15:13:41.899+03:00  INFO 8019 --- [config-server] [http-nio-8888-exec-6] o.s.c.c.s.e.NativeEnvironmentRepository  : Adding property source: Config resource 'file [/home/duran/IdeaProjects/review-my-cert-microservices/config-repo/application.yml]' via location 'file:/home/duran/IdeaProjects/review-my-cert-microservices/config-repo/' (document #0)
2025-09-11T15:18:37.621+03:00  INFO 8019 --- [config-server] [http-nio-8888-exec-3] o.s.c.c.s.e.NativeEnvironmentRepository  : Adding property source: Config resource 'file [/home/duran/IdeaProjects/review-my-cert-microservices/config-repo/certificate.yml]' via location 'file:/home/duran/IdeaProjects/review-my-cert-microservices/config-repo/' (document #0)
2025-09-11T15:18:37.621+03:00  INFO 8019 --- [config-server] [http-nio-8888-exec-3] o.s.c.c.s.e.NativeEnvironmentRepository  : Adding property source: Config resource 'file [/home/duran/IdeaProjects/review-my-cert-microservices/config-repo/application.yml]' via location 'file:/home/duran/IdeaProjects/review-my-cert-microservices/config-repo/' (document #0)
2025-09-11T15:19:44.268+03:00  INFO 8019 --- [config-server] [http-nio-8888-exec-5] o.s.c.c.s.e.NativeEnvironmentRepository  : Adding property source: Config resource 'file [/home/duran/IdeaProjects/review-my-cert-microservices/config-repo/certificate.yml]' via location 'file:/home/duran/IdeaProjects/review-my-cert-microservices/config-repo/' (document #0)
2025-09-11T15:19:44.268+03:00  INFO 8019 --- [config-server] [http-nio-8888-exec-5] o.s.c.c.s.e.NativeEnvironmentRepository  : Adding property source: Config resource 'file [/home/duran/IdeaProjects/review-my-cert-microservices/config-repo/application.yml]' via location 'file:/home/duran/IdeaProjects/review-my-cert-microservices/config-repo/' (document #0)
2025-09-11T15:22:10.982+03:00  INFO 8019 --- [config-server] [http-nio-8888-exec-7] o.s.c.c.s.e.NativeEnvironmentRepository  : Adding property source: Config resource 'file [/home/duran/IdeaProjects/review-my-cert-microservices/config-repo/certificate.yml]' via location 'file:/home/duran/IdeaProjects/review-my-cert-microservices/config-repo/' (document #0)
2025-09-11T15:22:10.982+03:00  INFO 8019 --- [config-server] [http-nio-8888-exec-7] o.s.c.c.s.e.NativeEnvironmentRepository  : Adding property source: Config resource 'file [/home/duran/IdeaProjects/review-my-cert-microservices/config-repo/application.yml]' via location 'file:/home/duran/IdeaProjects/review-my-cert-microservices/config-repo/' (document #0)
2025-09-11T15:23:22.738+03:00  INFO 8019 --- [config-server] [http-nio-8888-exec-9] o.s.c.c.s.e.NativeEnvironmentRepository  : Adding property source: Config resource 'file [/home/duran/IdeaProjects/review-my-cert-microservices/config-repo/certificate.yml]' via location 'file:/home/duran/IdeaProjects/review-my-cert-microservices/config-repo/' (document #0)
2025-09-11T15:23:22.738+03:00  INFO 8019 --- [config-server] [http-nio-8888-exec-9] o.s.c.c.s.e.NativeEnvironmentRepository  : Adding property source: Config resource 'file [/home/duran/IdeaProjects/review-my-cert-microservices/config-repo/application.yml]' via location 'file:/home/duran/IdeaProjects/review-my-cert-microservices/config-repo/' (document #0)
2025-09-11T15:23:43.438+03:00  INFO 8019 --- [config-server] [http-nio-8888-exec-1] o.s.c.c.s.e.NativeEnvironmentRepository  : Adding property source: Config resource 'file [/home/duran/IdeaProjects/review-my-cert-microservices/config-repo/certificate.yml]' via location 'file:/home/duran/IdeaProjects/review-my-cert-microservices/config-repo/' (document #0)
2025-09-11T15:23:43.438+03:00  INFO 8019 --- [config-server] [http-nio-8888-exec-1] o.s.c.c.s.e.NativeEnvironmentRepository  : Adding property source: Config resource 'file [/home/duran/IdeaProjects/review-my-cert-microservices/config-repo/application.yml]' via location 'file:/home/duran/IdeaProjects/review-my-cert-microservices/config-repo/' (document #0)
2025-09-11T15:25:44.184+03:00  INFO 8019 --- [config-server] [http-nio-8888-exec-3] o.s.c.c.s.e.NativeEnvironmentRepository  : Adding property source: Config resource 'file [/home/duran/IdeaProjects/review-my-cert-microservices/config-repo/certificate.yml]' via location 'file:/home/duran/IdeaProjects/review-my-cert-microservices/config-repo/' (document #0)
2025-09-11T15:25:44.184+03:00  INFO 8019 --- [config-server] [http-nio-8888-exec-3] o.s.c.c.s.e.NativeEnvironmentRepository  : Adding property source: Config resource 'file [/home/duran/IdeaProjects/review-my-cert-microservices/config-repo/application.yml]' via location 'file:/home/duran/IdeaProjects/review-my-cert-microservices/config-repo/' (document #0)
2025-09-11T15:28:26.128+03:00  INFO 8019 --- [config-server] [http-nio-8888-exec-5] o.s.c.c.s.e.NativeEnvironmentRepository  : Adding property source: Config resource 'file [/home/duran/IdeaProjects/review-my-cert-microservices/config-repo/certificate.yml]' via location 'file:/home/duran/IdeaProjects/review-my-cert-microservices/config-repo/' (document #0)
2025-09-11T15:28:26.128+03:00  INFO 8019 --- [config-server] [http-nio-8888-exec-5] o.s.c.c.s.e.NativeEnvironmentRepository  : Adding property source: Config resource 'file [/home/duran/IdeaProjects/review-my-cert-microservices/config-repo/application.yml]' via location 'file:/home/duran/IdeaProjects/review-my-cert-microservices/config-repo/' (document #0)
2025-09-11T15:35:24.334+03:00  INFO 8019 --- [config-server] [http-nio-8888-exec-7] o.s.c.c.s.e.NativeEnvironmentRepository  : Adding property source: Config resource 'file [/home/duran/IdeaProjects/review-my-cert-microservices/config-repo/certificate.yml]' via location 'file:/home/duran/IdeaProjects/review-my-cert-microservices/config-repo/' (document #0)
2025-09-11T15:35:24.334+03:00  INFO 8019 --- [config-server] [http-nio-8888-exec-7] o.s.c.c.s.e.NativeEnvironmentRepository  : Adding property source: Config resource 'file [/home/duran/IdeaProjects/review-my-cert-microservices/config-repo/application.yml]' via location 'file:/home/duran/IdeaProjects/review-my-cert-microservices/config-repo/' (document #0)
2025-09-11T15:39:35.359+03:00  INFO 8019 --- [config-server] [http-nio-8888-exec-9] o.s.c.c.s.e.NativeEnvironmentRepository  : Adding property source: Config resource 'file [/home/duran/IdeaProjects/review-my-cert-microservices/config-repo/certificate.yml]' via location 'file:/home/duran/IdeaProjects/review-my-cert-microservices/config-repo/' (document #0)
2025-09-11T15:39:35.359+03:00  INFO 8019 --- [config-server] [http-nio-8888-exec-9] o.s.c.c.s.e.NativeEnvironmentRepository  : Adding property source: Config resource 'file [/home/duran/IdeaProjects/review-my-cert-microservices/config-repo/application.yml]' via location 'file:/home/duran/IdeaProjects/review-my-cert-microservices/config-repo/' (document #0)
2025-09-11T17:13:32.653+03:00  INFO 8019 --- [config-server] [http-nio-8888-exec-1] o.s.c.c.s.e.NativeEnvironmentRepository  : Adding property source: Config resource 'file [/home/duran/IdeaProjects/review-my-cert-microservices/config-repo/company.yml]' via location 'file:/home/duran/IdeaProjects/review-my-cert-microservices/config-repo/' (document #0)
2025-09-11T17:13:32.653+03:00  INFO 8019 --- [config-server] [http-nio-8888-exec-1] o.s.c.c.s.e.NativeEnvironmentRepository  : Adding property source: Config resource 'file [/home/duran/IdeaProjects/review-my-cert-microservices/config-repo/application.yml]' via location 'file:/home/duran/IdeaProjects/review-my-cert-microservices/config-repo/' (document #0)
2025-09-11T18:25:33.471+03:00  INFO 8019 --- [config-server] [SpringApplicationShutdownHook] o.s.b.w.e.tomcat.GracefulShutdown        : Commencing graceful shutdown. Waiting for active requests to complete
2025-09-11T18:25:33.490+03:00  INFO 8019 --- [config-server] [tomcat-shutdown] o.s.b.w.e.tomcat.GracefulShutdown        : Graceful shutdown complete
